1641655811
1: ifconfig : 00:00:10
2: until hciconfig : 00:00:10
3: after switch on relay : 00:12:10
4: after autorun.py : 00:12:54
5: after txt2js.py wiibee : 00:12:59
6: after txt2js.py wiibee_battery : 00:13:01
7: after git push : 00:13:07
1641661220
1: ifconfig : 00:00:11
2: until hciconfig : 00:00:11
3: after switch on relay : 00:12:11
4: after autorun.py : 00:12:55
5: after txt2js.py wiibee : 00:12:58
6: after txt2js.py wiibee_battery : 00:13:00
7: after git push : 00:13:08
1641664820
1: ifconfig : 00:00:10
2: until hciconfig : 00:00:10
3: after switch on relay : 00:12:11
4: after autorun.py : 00:12:55
5: after txt2js.py wiibee : 00:12:57
6: after txt2js.py wiibee_battery : 00:13:00
7: after git push : 00:13:14
1641668420
1: ifconfig : 00:00:10
2: until hciconfig : 00:00:10
3: after switch on relay : 00:00:20
4: after autorun.py : 00:12:55
5: after txt2js.py wiibee : 00:12:58
6: after txt2js.py wiibee_battery : 00:12:59
7: after git push : 00:13:07
1641672020
1: ifconfig : 00:00:10
2: until hciconfig : 00:00:10
3: after switch on relay : 00:12:12
4: after autorun.py : 00:12:56
5: after txt2js.py wiibee : 00:12:59
6: after txt2js.py wiibee_battery : 00:13:01
7: after git push : 00:13:09
1641675620
1: ifconfig : 00:00:10
2: until hciconfig : 00:00:10
3: after switch on relay : 00:12:12
4: after autorun.py : 00:12:56
5: after txt2js.py wiibee : 00:12:59
6: after txt2js.py wiibee_battery : 00:13:03
7: after git push : 00:13:15
1641679220
1: ifconfig : 00:00:10
2: until hciconfig : 00:00:10
3: after switch on relay : 00:12:13
4: after autorun.py : 00:12:57
5: after txt2js.py wiibee : 00:13:00
6: after txt2js.py wiibee_battery : 00:13:03
7: after git push : 00:13:09
1641682820
1: ifconfig : 00:00:10
2: until hciconfig : 00:00:10
3: after switch on relay : 00:00:20
4: after autorun.py : 00:01:05
5: after txt2js.py wiibee : 00:01:07
6: after txt2js.py wiibee_battery : 00:01:09
7: after git push : 00:01:15
1641686420
1: ifconfig : 00:00:10
2: until hciconfig : 00:00:10
3: after switch on relay : 00:00:20
4: after autorun.py : 00:01:06
5: after txt2js.py wiibee : 00:01:08
6: after txt2js.py wiibee_battery : 00:01:10
7: after git push : 00:01:16
1641690020
1: ifconfig : 00:00:10
2: until hciconfig : 00:00:10
3: after switch on relay : 00:00:21
4: after autorun.py : 00:01:05
5: after txt2js.py wiibee : 00:01:07
6: after txt2js.py wiibee_battery : 00:01:11
7: after git push : 00:01:17
1641693620
1: ifconfig : 00:00:10
2: until hciconfig : 00:00:10
3: after switch on relay : 00:00:21
4: after autorun.py : 00:01:05
5: after txt2js.py wiibee : 00:01:07
6: after txt2js.py wiibee_battery : 00:01:10
7: after git push : 00:01:15
1641697220
1: ifconfig : 00:00:10
2: until hciconfig : 00:00:10
3: after switch on relay : 00:00:20
4: after autorun.py : 00:01:05
5: after txt2js.py wiibee : 00:01:07
6: after txt2js.py wiibee_battery : 00:01:10
7: after git push : 00:01:17
1641700820
1: ifconfig : 00:00:10
2: until hciconfig : 00:00:10
3: after switch on relay : 00:00:20
4: after autorun.py : 00:01:04
5: after txt2js.py wiibee : 00:01:07
6: after txt2js.py wiibee_battery : 00:01:10
7: after git push : 00:01:15
1641704420
1: ifconfig : 00:00:10
2: until hciconfig : 00:00:10
3: after switch on relay : 00:00:20
4: after autorun.py : 00:01:04
5: after txt2js.py wiibee : 00:01:07
6: after txt2js.py wiibee_battery : 00:01:10
7: after git push : 00:01:16
1641708020
1: ifconfig : 00:00:10
2: until hciconfig : 00:00:10
3: after switch on relay : 00:00:20
4: after autorun.py : 00:01:05
5: after txt2js.py wiibee : 00:01:07
6: after txt2js.py wiibee_battery : 00:01:10
7: after git push : 00:01:16
1641711620
1: ifconfig : 00:00:10
2: until hciconfig : 00:00:10
3: after switch on relay : 00:00:20
4: after autorun.py : 00:01:05
5: after txt2js.py wiibee : 00:01:08
6: after txt2js.py wiibee_battery : 00:01:11
7: after git push : 00:01:16
1641715220
1: ifconfig : 00:00:10
2: until hciconfig : 00:00:10
3: after switch on relay : 00:12:13
4: after autorun.py : 00:12:58
5: after txt2js.py wiibee : 00:13:00
6: after txt2js.py wiibee_battery : 00:13:03
7: after git push : 00:13:14
1641722420
1: ifconfig : 00:00:10
2: until hciconfig : 00:00:10
2.1: after rfcomm : 00:00:11
2.2: after chmod : 00:00:11
2.3: after open /sleep 5 : 00:00:16
2.4: after kill : 00:00:16
2.5: after close /sleep 5 : 00:12:15
2.6: after kill : 00:12:15
3: after switch on relay : 00:12:15
4: after autorun.py : 00:13:00
5: after txt2js.py wiibee : 00:13:02
6: after txt2js.py wiibee_battery : 00:13:09
7: after git push : 00:13:21
1641726020
1: ifconfig : 00:00:10
2: until hciconfig : 00:00:10
2.1: after rfcomm : 00:00:10
2.2: after chmod : 00:00:10
2.3: after open /sleep 5 : 00:00:15
2.4: after kill : 00:00:15
2.5: after close /sleep 5 : 00:12:15
2.6: after kill : 00:12:15
3: after switch on relay : 00:12:15
4: after autorun.py : 00:12:59
5: after txt2js.py wiibee : 00:13:01
6: after txt2js.py wiibee_battery : 00:13:03
7: after git push : 00:13:15
1641729620
1: ifconfig : 00:00:10
2: until hciconfig : 00:00:10
2.1: after rfcomm : 00:00:10
2.2: after chmod : 00:00:10
2.3: after open /sleep 5 : 00:00:15
2.4: after kill : 00:00:16
2.5: after close /sleep 5 : 00:12:16
2.6: after kill : 00:12:16
3: after switch on relay : 00:12:16
4: after autorun.py : 00:13:00
5: after txt2js.py wiibee : 00:13:02
6: after txt2js.py wiibee_battery : 00:13:06
7: after git push : 00:13:20
1641733220
1: ifconfig : 00:00:10
2: until hciconfig : 00:00:10
2.1: after rfcomm : 00:00:10
2.2: after chmod : 00:00:10
2.3: after open /sleep 5 : 00:00:15
2.4: after kill : 00:00:16
2.5: after close /sleep 5 : 00:12:16
2.6: after kill : 00:12:16
3: after switch on relay : 00:12:16
4: after autorun.py : 00:13:00
5: after txt2js.py wiibee : 00:13:03
6: after txt2js.py wiibee_battery : 00:13:06
7: after git push : 00:13:14
1641736820
1: ifconfig : 00:00:11
2: until hciconfig : 00:00:11
2.1: after rfcomm : 00:00:11
2.2: after chmod : 00:00:11
2.3: after open /sleep 5 : 00:00:16
2.4: after kill : 00:00:16
2.5: after close /sleep 5 : 00:12:17
2.6: after kill : 00:12:17
3: after switch on relay : 00:12:17
4: after autorun.py : 00:13:01
5: after txt2js.py wiibee : 00:13:04
6: after txt2js.py wiibee_battery : 00:13:06
7: after git push : 00:13:16
1641740420
1: ifconfig : 00:00:10
2: until hciconfig : 00:00:10
2.1: after rfcomm : 00:00:10
2.2: after chmod : 00:00:10
2.3: after open /sleep 5 : 00:00:15
2.4: after kill : 00:00:15
2.5: after close /sleep 5 : 00:12:17
2.6: after kill : 00:12:17
3: after switch on relay : 00:12:17
4: after autorun.py : 00:13:01
5: after txt2js.py wiibee : 00:13:04
6: after txt2js.py wiibee_battery : 00:13:06
7: after git push : 00:13:18
1641744020
1: ifconfig : 00:00:10
2: until hciconfig : 00:00:10
2.1: after rfcomm : 00:00:10
2.2: after chmod : 00:00:10
2.3: after open /sleep 5 : 00:00:15
2.4: after kill : 00:00:15
2.5: after close /sleep 5 : 00:12:17
2.6: after kill : 00:12:17
3: after switch on relay : 00:12:17
4: after autorun.py : 00:13:02
5: after txt2js.py wiibee : 00:13:06
6: after txt2js.py wiibee_battery : 00:13:08
7: after git push : 00:13:17
1641747620
1: ifconfig : 00:00:10
2: until hciconfig : 00:00:10
2.1: after rfcomm : 00:00:10
2.2: after chmod : 00:00:10
2.3: after open /sleep 5 : 00:00:15
2.4: after kill : 00:00:15
2.5: after close /sleep 5 : 00:12:18
2.6: after kill : 00:12:18
3: after switch on relay : 00:12:18
4: after autorun.py : 00:13:02
5: after txt2js.py wiibee : 00:13:05
6: after txt2js.py wiibee_battery : 00:13:07
7: after git push : 00:13:15
1641751220
1: ifconfig : 00:00:10
2: until hciconfig : 00:00:10
2.1: after rfcomm : 00:00:10
2.2: after chmod : 00:00:10
2.3: after open /sleep 5 : 00:00:15
2.4: after kill : 00:00:15
2.5: after close /sleep 5 : 00:12:18
2.6: after kill : 00:12:18
3: after switch on relay : 00:12:18
4: after autorun.py : 00:13:03
5: after txt2js.py wiibee : 00:13:05
6: after txt2js.py wiibee_battery : 00:13:08
7: after git push : 00:13:18
1641754820
1: ifconfig : 00:00:10
2: until hciconfig : 00:00:10
2.1: after rfcomm : 00:00:10
2.2: after chmod : 00:00:10
2.3: after open /sleep 5 : 00:00:15
2.4: after kill : 00:00:15
2.5: after close /sleep 5 : 00:12:19
2.6: after kill : 00:12:19
3: after switch on relay : 00:12:19
4: after autorun.py : 00:13:03
5: after txt2js.py wiibee : 00:13:06
6: after txt2js.py wiibee_battery : 00:13:08
7: after git push : 00:13:22
1641758420
1: ifconfig : 00:00:10
2: until hciconfig : 00:00:10
2.1: after rfcomm : 00:00:10
2.2: after chmod : 00:00:10
2.3: after open /sleep 5 : 00:00:15
2.4: after kill : 00:00:15
2.5: after close /sleep 5 : 00:12:19
2.6: after kill : 00:12:19
3: after switch on relay : 00:12:19
4: after autorun.py : 00:13:04
5: after txt2js.py wiibee : 00:13:06
6: after txt2js.py wiibee_battery : 00:13:08
7: after git push : 00:13:18
1641762020
1: ifconfig : 00:00:10
2: until hciconfig : 00:00:10
2.1: after rfcomm : 00:00:10
2.2: after chmod : 00:00:10
2.3: after open /sleep 5 : 00:00:15
2.4: after kill : 00:00:15
2.5: after close /sleep 5 : 00:12:20
2.6: after kill : 00:12:20
3: after switch on relay : 00:12:20
4: after autorun.py : 00:13:04
5: after txt2js.py wiibee : 00:13:07
6: after txt2js.py wiibee_battery : 00:13:09
7: after git push : 00:13:18
1641765620
1: ifconfig : 00:00:10
2: until hciconfig : 00:00:10
2.1: after rfcomm : 00:00:10
2.2: after chmod : 00:00:10
2.3: after open /sleep 5 : 00:00:15
2.4: after kill : 00:00:15
2.5: after close /sleep 5 : 00:00:20
2.6: after kill : 00:00:20
3: after switch on relay : 00:00:20
4: after autorun.py : 00:01:05
5: after txt2js.py wiibee : 00:01:07
6: after txt2js.py wiibee_battery : 00:01:09
7: after git push : 00:01:16
1641769220
1: ifconfig : 00:00:10
2: until hciconfig : 00:00:10
2.1: after rfcomm : 00:00:10
2.2: after chmod : 00:00:10
2.3: after open /sleep 5 : 00:00:15
2.4: after kill : 00:00:15
2.5: after close /sleep 5 : 00:00:20
2.6: after kill : 00:00:20
3: after switch on relay : 00:00:20
4: after autorun.py : 00:01:05
5: after txt2js.py wiibee : 00:01:07
6: after txt2js.py wiibee_battery : 00:01:09
